# JRE version: Java(TM) SE Runtime Environment (8.0_45-b15) (build 1.8.0_45-b15)
# Java VM: Java HotSpot(TM) 64-Bit Server VM (25.45-b02 mixed mode windows-amd64 compressed oops)
Heap:
 PSYoungGen      total 413696K, used 9205K [0x00000000d5d80000, 0x00000000f9580000, 0x0000000100000000)
  eden space 375808K, 2% used [0x00000000d5d80000,0x00000000d667d5c8,0x00000000ecc80000)
  from space 37888K, 0% used [0x00000000ecc80000,0x00000000ecc80000,0x00000000ef180000)
  to   space 35840K, 0% used [0x00000000f7280000,0x00000000f7280000,0x00000000f9580000)
 ParOldGen       total 101376K, used 28281K [0x0000000081800000, 0x0000000087b00000, 0x00000000d5d80000)
  object space 101376K, 27% used [0x0000000081800000,0x000000008339e6b8,0x0000000087b00000)
 Metaspace       used 45239K, capacity 45848K, committed 46424K, reserved 1089536K
  class space    used 5533K, capacity 5702K, committed 5760K, reserved 1048576K
GC Heap History (10 events):
Event: 7.297 GC heap before
{Heap before GC invocations=10 (full 1):
 PSYoungGen      total 290816K, used 16414K [0x00000000d5d80000, 0x00000000f2f80000, 0x0000000100000000)
  eden space 248832K, 0% used [0x00000000d5d80000,0x00000000d5d80000,0x00000000e5080000)
  from space 41984K, 39% used [0x00000000e5080000,0x00000000e6087bf0,0x00000000e7980000)
  to   space 39424K, 0% used [0x00000000f0900000,0x00000000f0900000,0x00000000f2f80000)
 ParOldGen       total 87552K, used 61161K [0x0000000081800000, 0x0000000086d80000, 0x00000000d5d80000)
  object space 87552K, 69% used [0x0000000081800000,0x00000000853ba550,0x0000000086d80000)
 Metaspace       used 20548K, capacity 21074K, committed 21248K, reserved 1069056K
  class space    used 2342K, capacity 2519K, committed 2560K, reserved 1048576K
Event: 7.363 GC heap after
Heap after GC invocations=10 (full 1):
 PSYoungGen      total 290816K, used 0K [0x00000000d5d80000, 0x00000000f2f80000, 0x0000000100000000)
  eden space 248832K, 0% used [0x00000000d5d80000,0x00000000d5d80000,0x00000000e5080000)
  from space 41984K, 0% used [0x00000000e5080000,0x00000000e5080000,0x00000000e7980000)
  to   space 39424K, 0% used [0x00000000f0900000,0x00000000f0900000,0x00000000f2f80000)
 ParOldGen       total 86016K, used 27924K [0x0000000081800000, 0x0000000086c00000, 0x00000000d5d80000)
  object space 86016K, 32% used [0x0000000081800000,0x0000000083345328,0x0000000086c00000)
 Metaspace       used 20548K, capacity 21074K, committed 21248K, reserved 1069056K
  class space    used 2342K, capacity 2519K, committed 2560K, reserved 1048576K
}
Event: 8.373 GC heap before
{Heap before GC invocations=11 (full 1):
 PSYoungGen      total 290816K, used 112142K [0x00000000d5d80000, 0x00000000f2f80000, 0x0000000100000000)
  eden space 248832K, 45% used [0x00000000d5d80000,0x00000000dcb038a0,0x00000000e5080000)
  from space 41984K, 0% used [0x00000000e5080000,0x00000000e5080000,0x00000000e7980000)
  to   space 39424K, 0% used [0x00000000f0900000,0x00000000f0900000,0x00000000f2f80000)
 ParOldGen       total 86016K, used 27924K [0x0000000081800000, 0x0000000086c00000, 0x00000000d5d80000)
  object space 86016K, 32% used [0x0000000081800000,0x0000000083345328,0x0000000086c00000)
 Metaspace       used 34514K, capacity 35094K, committed 35416K, reserved 1081344K
  class space    used 4058K, capacity 4219K, committed 4224K, reserved 1048576K
Event: 8.384 GC heap after
Heap after GC invocations=11 (full 1):
 PSYoungGen      total 385024K, used 13712K [0x00000000d5d80000, 0x00000000f1680000, 0x0000000100000000)
  eden space 371200K, 0% used [0x00000000d5d80000,0x00000000d5d80000,0x00000000ec800000)
  from space 13824K, 99% used [0x00000000f0900000,0x00000000f16643b0,0x00000000f1680000)
  to   space 37888K, 0% used [0x00000000ecc80000,0x00000000ecc80000,0x00000000ef180000)
 ParOldGen       total 86016K, used 27932K [0x0000000081800000, 0x0000000086c00000, 0x00000000d5d80000)
  object space 86016K, 32% used [0x0000000081800000,0x0000000083347328,0x0000000086c00000)
 Metaspace       used 34514K, capacity 35094K, committed 35416K, reserved 1081344K
  class space    used 4058K, capacity 4219K, committed 4224K, reserved 1048576K
}
Event: 8.384 GC heap before
{Heap before GC invocations=12 (full 2):
 PSYoungGen      total 385024K, used 13712K [0x00000000d5d80000, 0x00000000f1680000, 0x0000000100000000)
  eden space 371200K, 0% used [0x00000000d5d80000,0x00000000d5d80000,0x00000000ec800000)
  from space 13824K, 99% used [0x00000000f0900000,0x00000000f16643b0,0x00000000f1680000)
  to   space 37888K, 0% used [0x00000000ecc80000,0x00000000ecc80000,0x00000000ef180000)
 ParOldGen       total 86016K, used 27932K [0x0000000081800000, 0x0000000086c00000, 0x00000000d5d80000)
  object space 86016K, 32% used [0x0000000081800000,0x0000000083347328,0x0000000086c00000)
 Metaspace       used 34514K, capacity 35094K, committed 35416K, reserved 1081344K
  class space    used 4058K, capacity 4219K, committed 4224K, reserved 1048576K
Event: 8.428 GC heap after
Heap after GC invocations=12 (full 2):
 PSYoungGen      total 385024K, used 0K [0x00000000d5d80000, 0x00000000f1680000, 0x0000000100000000)
  eden space 371200K, 0% used [0x00000000d5d80000,0x00000000d5d80000,0x00000000ec800000)
  from space 13824K, 0% used [0x00000000f0900000,0x00000000f0900000,0x00000000f1680000)
  to   space 37888K, 0% used [0x00000000ecc80000,0x00000000ecc80000,0x00000000ef180000)
 ParOldGen       total 101376K, used 29026K [0x0000000081800000, 0x0000000087b00000, 0x00000000d5d80000)
  object space 101376K, 28% used [0x0000000081800000,0x0000000083458ba8,0x0000000087b00000)
 Metaspace       used 34514K, capacity 35094K, committed 35416K, reserved 1081344K
  class space    used 4058K, capacity 4219K, committed 4224K, reserved 1048576K
}
Event: 9.859 GC heap before
{Heap before GC invocations=13 (full 2):
 PSYoungGen      total 385024K, used 110493K [0x00000000d5d80000, 0x00000000f1680000, 0x0000000100000000)
  eden space 371200K, 29% used [0x00000000d5d80000,0x00000000dc9676f8,0x00000000ec800000)
  from space 13824K, 0% used [0x00000000f0900000,0x00000000f0900000,0x00000000f1680000)
  to   space 37888K, 0% used [0x00000000ecc80000,0x00000000ecc80000,0x00000000ef180000)
 ParOldGen       total 101376K, used 29026K [0x0000000081800000, 0x0000000087b00000, 0x00000000d5d80000)
  object space 101376K, 28% used [0x0000000081800000,0x0000000083458ba8,0x0000000087b00000)
 Metaspace       used 45236K, capacity 45854K, committed 46424K, reserved 1089536K
  class space    used 5532K, capacity 5703K, committed 5760K, reserved 1048576K
Event: 9.979 GC heap after
Heap after GC invocations=13 (full 2):
 PSYoungGen      total 413696K, used 14444K [0x00000000d5d80000, 0x00000000f9580000, 0x0000000100000000)
  eden space 375808K, 0% used [0x00000000d5d80000,0x00000000d5d80000,0x00000000ecc80000)
  from space 37888K, 38% used [0x00000000ecc80000,0x00000000eda9b298,0x00000000ef180000)
  to   space 35840K, 0% used [0x00000000f7280000,0x00000000f7280000,0x00000000f9580000)
 ParOldGen       total 101376K, used 29026K [0x0000000081800000, 0x0000000087b00000, 0x00000000d5d80000)
  object space 101376K, 28% used [0x0000000081800000,0x0000000083458ba8,0x0000000087b00000)
 Metaspace       used 45236K, capacity 45854K, committed 46424K, reserved 1089536K
  class space    used 5532K, capacity 5703K, committed 5760K, reserved 1048576K
}
Event: 9.979 GC heap before
{Heap before GC invocations=14 (full 3):
 PSYoungGen      total 413696K, used 14444K [0x00000000d5d80000, 0x00000000f9580000, 0x0000000100000000)
  eden space 375808K, 0% used [0x00000000d5d80000,0x00000000d5d80000,0x00000000ecc80000)
  from space 37888K, 38% used [0x00000000ecc80000,0x00000000eda9b298,0x00000000ef180000)
  to   space 35840K, 0% used [0x00000000f7280000,0x00000000f7280000,0x00000000f9580000)
 ParOldGen       total 101376K, used 29026K [0x0000000081800000, 0x0000000087b00000, 0x00000000d5d80000)
  object space 101376K, 28% used [0x0000000081800000,0x0000000083458ba8,0x0000000087b00000)
 Metaspace       used 45236K, capacity 45854K, committed 46424K, reserved 1089536K
  class space    used 5532K, capacity 5703K, committed 5760K, reserved 1048576K
Event: 10.377 GC heap after
Heap after GC invocations=14 (full 3):
 PSYoungGen      total 413696K, used 0K [0x00000000d5d80000, 0x00000000f9580000, 0x0000000100000000)
  eden space 375808K, 0% used [0x00000000d5d80000,0x00000000d5d80000,0x00000000ecc80000)
  from space 37888K, 0% used [0x00000000ecc80000,0x00000000ecc80000,0x00000000ef180000)
  to   space 35840K, 0% used [0x00000000f7280000,0x00000000f7280000,0x00000000f9580000)
 ParOldGen       total 101376K, used 28281K [0x0000000081800000, 0x0000000087b00000, 0x00000000d5d80000)
  object space 101376K, 27% used [0x0000000081800000,0x000000008339e6b8,0x0000000087b00000)
 Metaspace       used 45232K, capacity 45848K, committed 46424K, reserved 1089536K
  class space    used 5532K, capacity 5702K, committed 5760K, reserved 1048576K
}

